<?xml version="1.0" encoding="UTF-8"?>
<testsuites name="commission test" time="319" tests="2" failures="4" errors="0">
   <testsuite name="commission test" tests="2" failures="4" errors="0" time="319" timestamp="2018-09-03 18:20:17" hostname="rkulkarn - 41XHMV1-E6330.callidussoftware.com" id="Test Suites/commission test">
      <properties>
         <property name="deviceName" value=""/>
         <property name="devicePlatform" value=""/>
         <property name="logFolder" value="C:\\Users\\rkulkarn\\git\\UAT_CommissionUI\\Reports\\commission test\\20180903_182014"/>
         <property name="logFiles" value="C:\\Users\\rkulkarn\\git\\UAT_CommissionUI\\Reports\\commission test\\20180903_182014\\execution0.log"/>
         <property name="attachments" value="C:\\Users\\rkulkarn\\git\\UAT_CommissionUI\\Reports\\commission test\\20180903_182014\\1535979062109.png, C:\\Users\\rkulkarn\\git\\UAT_CommissionUI\\Reports\\commission test\\20180903_182014\\1535979062774.png, C:\\Users\\rkulkarn\\git\\UAT_CommissionUI\\Reports\\commission test\\20180903_182014\\1535979126879.png, C:\\Users\\rkulkarn\\git\\UAT_CommissionUI\\Reports\\commission test\\20180903_182014\\1535979158570.png, C:\\Users\\rkulkarn\\git\\UAT_CommissionUI\\Reports\\commission test\\20180903_182014\\1535979335032.png"/>
         <property name="hostName" value="rkulkarn - 41XHMV1-E6330.callidussoftware.com"/>
         <property name="os" value="Windows 10 64bit"/>
         <property name="katalonVersion" value="5.6.1.1"/>
         <property name="browser" value="Chrome 68.0.3440.106"/>
         <property name="hostAddress" value="192.168.237.143"/>
         <property name="sessionId" value="1c6826573049cfb2d6bf0ab51e401167"/>
         <property name="seleniumVersion" value="3.7.1"/>
         <property name="proxyInformation" value="ProxyInformation{proxyOption=NO_PROXY, proxyServerType=HTTP, password=, proxyServerAddress=, proxyServerPort=0}"/>
         <property name="platform" value="Windows 10"/>
      </properties>
      <testcase name="Test Cases/Earning code" classname="Test Cases/Earning code" status="FAILED">
         <failure type="FAILED" message="Unable to click on object 'Object Repository/Page_Callidus Cloud Commissions Man/a_Earning Codes' (Root cause: org.openqa.selenium.ElementNotVisibleException: element not visible
  (Session info: chrome=68.0.3440.106)
  (Driver info: chromedriver=2.35.528161 (5b82f2d2aae0ca24b877009200ced9065a772e73),platform=Windows NT 10.0.17134 x86_64) (WARNING: The server did not provide any stacktrace information)
Command duration or timeout: 0 milliseconds
Build info: version: '3.7.1', revision: '8a0099a', time: '2017-11-06T21:07:36.161Z'
System info: host: '41XHMV1-E6330', ip: '192.168.237.143', os.name: 'Windows 10', os.arch: 'amd64', os.version: '10.0', java.version: '1.8.0_181'
Driver info: com.kms.katalon.selenium.driver.CChromeDriver
Capabilities {acceptInsecureCerts: false, acceptSslCerts: false, applicationCacheEnabled: false, browserConnectionEnabled: false, browserName: chrome, chrome: {chromedriverVersion: 2.35.528161 (5b82f2d2aae0ca..., userDataDir: C:\Users\rkulkarn\AppData\L...}, cssSelectorsEnabled: true, databaseEnabled: false, handlesAlerts: true, hasTouchScreen: false, javascriptEnabled: true, locationContextEnabled: true, mobileEmulationEnabled: false, nativeEvents: true, networkConnectionEnabled: false, pageLoadStrategy: normal, platform: XP, platformName: XP, rotatable: false, setWindowRect: true, takesHeapSnapshot: true, takesScreenshot: true, unexpectedAlertBehaviour: , unhandledPromptBehavior: , version: 68.0.3440.106, webStorageEnabled: true}
Session ID: 08dc5c4aba1147f09ab4e540e35664e2)"/>
         <system-out><![CDATA[2018-09-03 18:20:17 - [TEST_CASE][FAILED] - Test Cases/Earning code: Test Cases/Earning code FAILED because (of) Unable to click on object 'Object Repository/Page_Callidus Cloud Commissions Man/a_Earning Codes' (Root cause: org.openqa.selenium.ElementNotVisibleException: element not visible
  (Session info: chrome=68.0.3440.106)
  (Driver info: chromedriver=2.35.528161 (5b82f2d2aae0ca24b877009200ced9065a772e73),platform=Windows NT 10.0.17134 x86_64) (WARNING: The server did not provide any stacktrace information)
Command duration or timeout: 0 milliseconds
Build info: version: '3.7.1', revision: '8a0099a', time: '2017-11-06T21:07:36.161Z'
System info: host: '41XHMV1-E6330', ip: '192.168.237.143', os.name: 'Windows 10', os.arch: 'amd64', os.version: '10.0', java.version: '1.8.0_181'
Driver info: com.kms.katalon.selenium.driver.CChromeDriver
Capabilities {acceptInsecureCerts: false, acceptSslCerts: false, applicationCacheEnabled: false, browserConnectionEnabled: false, browserName: chrome, chrome: {chromedriverVersion: 2.35.528161 (5b82f2d2aae0ca..., userDataDir: C:\Users\rkulkarn\AppData\L...}, cssSelectorsEnabled: true, databaseEnabled: false, handlesAlerts: true, hasTouchScreen: false, javascriptEnabled: true, locationContextEnabled: true, mobileEmulationEnabled: false, nativeEvents: true, networkConnectionEnabled: false, pageLoadStrategy: normal, platform: XP, platformName: XP, rotatable: false, setWindowRect: true, takesHeapSnapshot: true, takesScreenshot: true, unexpectedAlertBehaviour: , unhandledPromptBehavior: , version: 68.0.3440.106, webStorageEnabled: true}
Session ID: 08dc5c4aba1147f09ab4e540e35664e2)

2018-09-03 18:20:18 - [TEST_STEP][PASSED] - callTestCase: Call Test Case 'Test Cases/Commission Login_Vishnu' successfully

2018-09-03 18:20:18 - [TEST_CASE][PASSED] - Test Cases/Commission Login_Vishnu: Test Cases/Commission Login_Vishnu

2018-09-03 18:20:18 - [TEST_STEP][PASSED] - openBrowser: Browser is opened with url: ''

2018-09-03 18:20:22 - [MESSAGE][PASSED] - Browser is opened with url: ''

2018-09-03 18:20:22 - [TEST_STEP][PASSED] - navigateToUrl: Navigate to 'https://biz3-tst.callidusondemand.com/SalesPortal/#!/' successfully

2018-09-03 18:20:33 - [MESSAGE][PASSED] - Navigate to 'https://biz3-tst.callidusondemand.com/SalesPortal/#!/' successfully

2018-09-03 18:20:33 - [TEST_STEP][PASSED] - setText: Text 'rkulkarn@calliduscloud.com' is set on object 'Object Repository/Page_Sales Performance Home/input_username'

2018-09-03 18:20:34 - [MESSAGE][PASSED] - Text 'rkulkarn@calliduscloud.com' is set on object 'Object Repository/Page_Sales Performance Home/input_username'

2018-09-03 18:20:34 - [TEST_STEP][PASSED] - setEncryptedText: Text ****** has been set on object 'Object Repository/Page_Sales Performance Home/input_password'

2018-09-03 18:20:34 - [MESSAGE][PASSED] - Text ****** has been set on object 'Object Repository/Page_Sales Performance Home/input_password'

2018-09-03 18:20:34 - [TEST_STEP][PASSED] - click: Object: 'Object Repository/Page_Sales Performance Home/button_Login' is clicked on

2018-09-03 18:20:34 - [MESSAGE][PASSED] - Object: 'Object Repository/Page_Sales Performance Home/button_Login' is clicked on

2018-09-03 18:20:34 - [TEST_STEP][PASSED] - click: Object: 'Object Repository/Page_Sales Performance Home/span_Sales Performance Home' is clicked on

2018-09-03 18:20:37 - [MESSAGE][PASSED] - Object: 'Object Repository/Page_Sales Performance Home/span_Sales Performance Home' is clicked on

2018-09-03 18:20:37 - [TEST_STEP][PASSED] - click: Object: 'Object Repository/Page_Sales Performance Home/a_Commissions' is clicked on

2018-09-03 18:20:38 - [MESSAGE][PASSED] - Object: 'Object Repository/Page_Sales Performance Home/a_Commissions' is clicked on

2018-09-03 18:20:38 - [TEST_STEP][PASSED] - click: Object: 'Object Repository/Page_Callidus Cloud Commissions Man/a_Manage Setup' is clicked on

2018-09-03 18:21:01 - [MESSAGE][PASSED] - Object: 'Object Repository/Page_Callidus Cloud Commissions Man/a_Manage Setup' is clicked on

2018-09-03 18:21:01 - [MESSAGE][PASSED] - Call Test Case 'Test Cases/Commission Login_Vishnu' successfully

2018-09-03 18:21:01 - [TEST_STEP][PASSED] - mouseOver: Object: 'Object Repository/Page_Callidus Cloud Commissions Man/div_ADMINISTRATION' is hovered

2018-09-03 18:21:02 - [MESSAGE][PASSED] - Object: 'Object Repository/Page_Callidus Cloud Commissions Man/div_ADMINISTRATION' is hovered

2018-09-03 18:21:02 - [TEST_STEP][FAILED] - click: Unable to click on object 'Object Repository/Page_Callidus Cloud Commissions Man/a_Earning Codes' (Root cause: org.openqa.selenium.ElementNotVisibleException: element not visible
  (Session info: chrome=68.0.3440.106)
  (Driver info: chromedriver=2.35.528161 (5b82f2d2aae0ca24b877009200ced9065a772e73),platform=Windows NT 10.0.17134 x86_64) (WARNING: The server did not provide any stacktrace information)
Command duration or timeout: 0 milliseconds
Build info: version: '3.7.1', revision: '8a0099a', time: '2017-11-06T21:07:36.161Z'
System info: host: '41XHMV1-E6330', ip: '192.168.237.143', os.name: 'Windows 10', os.arch: 'amd64', os.version: '10.0', java.version: '1.8.0_181'
Driver info: com.kms.katalon.selenium.driver.CChromeDriver
Capabilities {acceptInsecureCerts: false, acceptSslCerts: false, applicationCacheEnabled: false, browserConnectionEnabled: false, browserName: chrome, chrome: {chromedriverVersion: 2.35.528161 (5b82f2d2aae0ca..., userDataDir: C:\Users\rkulkarn\AppData\L...}, cssSelectorsEnabled: true, databaseEnabled: false, handlesAlerts: true, hasTouchScreen: false, javascriptEnabled: true, locationContextEnabled: true, mobileEmulationEnabled: false, nativeEvents: true, networkConnectionEnabled: false, pageLoadStrategy: normal, platform: XP, platformName: XP, rotatable: false, setWindowRect: true, takesHeapSnapshot: true, takesScreenshot: true, unexpectedAlertBehaviour: , unhandledPromptBehavior: , version: 68.0.3440.106, webStorageEnabled: true}
Session ID: 08dc5c4aba1147f09ab4e540e35664e2)

2018-09-03 18:21:02 - [MESSAGE][FAILED] - Unable to click on object 'Object Repository/Page_Callidus Cloud Commissions Man/a_Earning Codes' (Root cause: org.openqa.selenium.ElementNotVisibleException: element not visible
  (Session info: chrome=68.0.3440.106)
  (Driver info: chromedriver=2.35.528161 (5b82f2d2aae0ca24b877009200ced9065a772e73),platform=Windows NT 10.0.17134 x86_64) (WARNING: The server did not provide any stacktrace information)
Command duration or timeout: 0 milliseconds
Build info: version: '3.7.1', revision: '8a0099a', time: '2017-11-06T21:07:36.161Z'
System info: host: '41XHMV1-E6330', ip: '192.168.237.143', os.name: 'Windows 10', os.arch: 'amd64', os.version: '10.0', java.version: '1.8.0_181'
Driver info: com.kms.katalon.selenium.driver.CChromeDriver
Capabilities {acceptInsecureCerts: false, acceptSslCerts: false, applicationCacheEnabled: false, browserConnectionEnabled: false, browserName: chrome, chrome: {chromedriverVersion: 2.35.528161 (5b82f2d2aae0ca..., userDataDir: C:\Users\rkulkarn\AppData\L...}, cssSelectorsEnabled: true, databaseEnabled: false, handlesAlerts: true, hasTouchScreen: false, javascriptEnabled: true, locationContextEnabled: true, mobileEmulationEnabled: false, nativeEvents: true, networkConnectionEnabled: false, pageLoadStrategy: normal, platform: XP, platformName: XP, rotatable: false, setWindowRect: true, takesHeapSnapshot: true, takesScreenshot: true, unexpectedAlertBehaviour: , unhandledPromptBehavior: , version: 68.0.3440.106, webStorageEnabled: true}
Session ID: 08dc5c4aba1147f09ab4e540e35664e2)
[[ATTACHMENT|C:\\Users\\rkulkarn\\git\\UAT_CommissionUI\\Reports\\commission test\\20180903_182014\\1535979062109.png]]

2018-09-03 18:21:02 - [TEST_STEP][PASSED] - setText: Text 'bonus' is set on object 'Object Repository/Page_Callidus Cloud Commissions Man/input_Enter Search Terms'

2018-09-03 18:21:02 - [MESSAGE][PASSED] - Text 'bonus' is set on object 'Object Repository/Page_Callidus Cloud Commissions Man/input_Enter Search Terms'

2018-09-03 18:21:02 - [TEST_STEP][FAILED] - click: Unable to click on object 'Object Repository/Page_Callidus Cloud Commissions Man/input_spotlight-search' (Root cause: org.openqa.selenium.WebDriverException: unknown error: Element <input type="button" value="Search" id="spotlight-search" data-ember-action="3024"> is not clickable at point (810, 131). Other element would receive the click: <div class="container" style="display: inline-block; margin-left: -30px; clear: both; float: left; background-color: white; width: 393px;">...</div>
  (Session info: chrome=68.0.3440.106)
  (Driver info: chromedriver=2.35.528161 (5b82f2d2aae0ca24b877009200ced9065a772e73),platform=Windows NT 10.0.17134 x86_64) (WARNING: The server did not provide any stacktrace information)
Command duration or timeout: 0 milliseconds
Build info: version: '3.7.1', revision: '8a0099a', time: '2017-11-06T21:07:36.161Z'
System info: host: '41XHMV1-E6330', ip: '192.168.237.143', os.name: 'Windows 10', os.arch: 'amd64', os.version: '10.0', java.version: '1.8.0_181'
Driver info: com.kms.katalon.selenium.driver.CChromeDriver
Capabilities {acceptInsecureCerts: false, acceptSslCerts: false, applicationCacheEnabled: false, browserConnectionEnabled: false, browserName: chrome, chrome: {chromedriverVersion: 2.35.528161 (5b82f2d2aae0ca..., userDataDir: C:\Users\rkulkarn\AppData\L...}, cssSelectorsEnabled: true, databaseEnabled: false, handlesAlerts: true, hasTouchScreen: false, javascriptEnabled: true, locationContextEnabled: true, mobileEmulationEnabled: false, nativeEvents: true, networkConnectionEnabled: false, pageLoadStrategy: normal, platform: XP, platformName: XP, rotatable: false, setWindowRect: true, takesHeapSnapshot: true, takesScreenshot: true, unexpectedAlertBehaviour: , unhandledPromptBehavior: , version: 68.0.3440.106, webStorageEnabled: true}
Session ID: 08dc5c4aba1147f09ab4e540e35664e2)

2018-09-03 18:21:03 - [MESSAGE][FAILED] - Unable to click on object 'Object Repository/Page_Callidus Cloud Commissions Man/input_spotlight-search' (Root cause: org.openqa.selenium.WebDriverException: unknown error: Element <input type="button" value="Search" id="spotlight-search" data-ember-action="3024"> is not clickable at point (810, 131). Other element would receive the click: <div class="container" style="display: inline-block; margin-left: -30px; clear: both; float: left; background-color: white; width: 393px;">...</div>
  (Session info: chrome=68.0.3440.106)
  (Driver info: chromedriver=2.35.528161 (5b82f2d2aae0ca24b877009200ced9065a772e73),platform=Windows NT 10.0.17134 x86_64) (WARNING: The server did not provide any stacktrace information)
Command duration or timeout: 0 milliseconds
Build info: version: '3.7.1', revision: '8a0099a', time: '2017-11-06T21:07:36.161Z'
System info: host: '41XHMV1-E6330', ip: '192.168.237.143', os.name: 'Windows 10', os.arch: 'amd64', os.version: '10.0', java.version: '1.8.0_181'
Driver info: com.kms.katalon.selenium.driver.CChromeDriver
Capabilities {acceptInsecureCerts: false, acceptSslCerts: false, applicationCacheEnabled: false, browserConnectionEnabled: false, browserName: chrome, chrome: {chromedriverVersion: 2.35.528161 (5b82f2d2aae0ca..., userDataDir: C:\Users\rkulkarn\AppData\L...}, cssSelectorsEnabled: true, databaseEnabled: false, handlesAlerts: true, hasTouchScreen: false, javascriptEnabled: true, locationContextEnabled: true, mobileEmulationEnabled: false, nativeEvents: true, networkConnectionEnabled: false, pageLoadStrategy: normal, platform: XP, platformName: XP, rotatable: false, setWindowRect: true, takesHeapSnapshot: true, takesScreenshot: true, unexpectedAlertBehaviour: , unhandledPromptBehavior: , version: 68.0.3440.106, webStorageEnabled: true}
Session ID: 08dc5c4aba1147f09ab4e540e35664e2)
[[ATTACHMENT|C:\\Users\\rkulkarn\\git\\UAT_CommissionUI\\Reports\\commission test\\20180903_182014\\1535979062774.png]]

2018-09-03 18:21:03 - [TEST_STEP][PASSED] - callTestCase: Call Test Case 'Test Cases/Commission Logout' successfully

2018-09-03 18:21:03 - [TEST_CASE][PASSED] - Test Cases/Commission Logout: Test Cases/Commission Logout

2018-09-03 18:21:03 - [TEST_STEP][PASSED] - click: Object: 'Object Repository/Page_Callidus Cloud Commissions Man/span_rkulkarncalliduscloud.com' is clicked on

2018-09-03 18:21:03 - [MESSAGE][PASSED] - Object: 'Object Repository/Page_Callidus Cloud Commissions Man/span_rkulkarncalliduscloud.com' is clicked on

2018-09-03 18:21:03 - [TEST_STEP][PASSED] - click: Object: 'Object Repository/Page_Callidus Cloud Commissions Man/div_Logout' is clicked on

2018-09-03 18:21:03 - [MESSAGE][PASSED] - Object: 'Object Repository/Page_Callidus Cloud Commissions Man/div_Logout' is clicked on

2018-09-03 18:21:03 - [TEST_STEP][PASSED] - closeBrowser: Browser is closed

2018-09-03 18:21:04 - [MESSAGE][PASSED] - Browser is closed

2018-09-03 18:21:04 - [MESSAGE][PASSED] - Call Test Case 'Test Cases/Commission Logout' successfully]]></system-out>
         <system-err><![CDATA[2018-09-03 18:20:17 - [TEST_CASE][FAILED] - Test Cases/Earning code: Test Cases/Earning code FAILED because (of) Unable to click on object 'Object Repository/Page_Callidus Cloud Commissions Man/a_Earning Codes' (Root cause: org.openqa.selenium.ElementNotVisibleException: element not visible
  (Session info: chrome=68.0.3440.106)
  (Driver info: chromedriver=2.35.528161 (5b82f2d2aae0ca24b877009200ced9065a772e73),platform=Windows NT 10.0.17134 x86_64) (WARNING: The server did not provide any stacktrace information)
Command duration or timeout: 0 milliseconds
Build info: version: '3.7.1', revision: '8a0099a', time: '2017-11-06T21:07:36.161Z'
System info: host: '41XHMV1-E6330', ip: '192.168.237.143', os.name: 'Windows 10', os.arch: 'amd64', os.version: '10.0', java.version: '1.8.0_181'
Driver info: com.kms.katalon.selenium.driver.CChromeDriver
Capabilities {acceptInsecureCerts: false, acceptSslCerts: false, applicationCacheEnabled: false, browserConnectionEnabled: false, browserName: chrome, chrome: {chromedriverVersion: 2.35.528161 (5b82f2d2aae0ca..., userDataDir: C:\Users\rkulkarn\AppData\L...}, cssSelectorsEnabled: true, databaseEnabled: false, handlesAlerts: true, hasTouchScreen: false, javascriptEnabled: true, locationContextEnabled: true, mobileEmulationEnabled: false, nativeEvents: true, networkConnectionEnabled: false, pageLoadStrategy: normal, platform: XP, platformName: XP, rotatable: false, setWindowRect: true, takesHeapSnapshot: true, takesScreenshot: true, unexpectedAlertBehaviour: , unhandledPromptBehavior: , version: 68.0.3440.106, webStorageEnabled: true}
Session ID: 08dc5c4aba1147f09ab4e540e35664e2)]]></system-err>
      </testcase>
      <testcase name="Test Cases/Earning Groups" classname="Test Cases/Earning Groups" status="FAILED">
         <failure type="FAILED" message="Unable to set text 'rkulkarn@calliduscloud.com' of object 'Object Repository/Page_Sales Performance Home/input_username' (Root cause: com.kms.katalon.core.webui.exception.WebElementNotFoundException: Web element with id: 'Object Repository/Page_Sales Performance Home/input_username' located by 'By.xpath: //input[@id = 'login_input' and @name = 'username' and @type = 'text']' not found)"/>
         <system-out><![CDATA[2018-09-03 18:21:04 - [TEST_CASE][FAILED] - Test Cases/Earning Groups: Test Cases/Earning Groups FAILED because (of) Unable to set text 'rkulkarn@calliduscloud.com' of object 'Object Repository/Page_Sales Performance Home/input_username' (Root cause: com.kms.katalon.core.webui.exception.WebElementNotFoundException: Web element with id: 'Object Repository/Page_Sales Performance Home/input_username' located by 'By.xpath: //input[@id = 'login_input' and @name = 'username' and @type = 'text']' not found)

2018-09-03 18:21:04 - [TEST_STEP][FAILED] - callTestCase: Unable to call Test Case with id 'Test Cases/Commission Login_Vishnu' (Root cause: Call Test Case 'Test Cases/Commission Login_Vishnu' failed)

2018-09-03 18:21:04 - [TEST_CASE][FAILED] - Test Cases/Commission Login_Vishnu: Test Cases/Commission Login_Vishnu FAILED because (of) Unable to set text 'rkulkarn@calliduscloud.com' of object 'Object Repository/Page_Sales Performance Home/input_username' (Root cause: com.kms.katalon.core.webui.exception.WebElementNotFoundException: Web element with id: 'Object Repository/Page_Sales Performance Home/input_username' located by 'By.xpath: //input[@id = 'login_input' and @name = 'username' and @type = 'text']' not found)

2018-09-03 18:21:04 - [TEST_STEP][PASSED] - openBrowser: Browser is opened with url: ''

2018-09-03 18:21:06 - [MESSAGE][PASSED] - Browser is opened with url: ''

2018-09-03 18:21:06 - [TEST_STEP][PASSED] - navigateToUrl: Navigate to 'https://biz3-tst.callidusondemand.com/SalesPortal/#!/' successfully

2018-09-03 18:21:35 - [MESSAGE][PASSED] - Navigate to 'https://biz3-tst.callidusondemand.com/SalesPortal/#!/' successfully

2018-09-03 18:21:35 - [TEST_STEP][FAILED] - setText: Unable to set text 'rkulkarn@calliduscloud.com' of object 'Object Repository/Page_Sales Performance Home/input_username' (Root cause: com.kms.katalon.core.webui.exception.WebElementNotFoundException: Web element with id: 'Object Repository/Page_Sales Performance Home/input_username' located by 'By.xpath: //input[@id = 'login_input' and @name = 'username' and @type = 'text']' not found)

2018-09-03 18:22:07 - [MESSAGE][FAILED] - Unable to set text 'rkulkarn@calliduscloud.com' of object 'Object Repository/Page_Sales Performance Home/input_username' (Root cause: com.kms.katalon.core.webui.exception.WebElementNotFoundException: Web element with id: 'Object Repository/Page_Sales Performance Home/input_username' located by 'By.xpath: //input[@id = 'login_input' and @name = 'username' and @type = 'text']' not found)
[[ATTACHMENT|C:\\Users\\rkulkarn\\git\\UAT_CommissionUI\\Reports\\commission test\\20180903_182014\\1535979126879.png]]

2018-09-03 18:22:07 - [MESSAGE][FAILED] - Unable to call Test Case with id 'Test Cases/Commission Login_Vishnu' (Root cause: Call Test Case 'Test Cases/Commission Login_Vishnu' failed)]]></system-out>
         <system-err><![CDATA[2018-09-03 18:21:04 - [TEST_CASE][FAILED] - Test Cases/Earning Groups: Test Cases/Earning Groups FAILED because (of) Unable to set text 'rkulkarn@calliduscloud.com' of object 'Object Repository/Page_Sales Performance Home/input_username' (Root cause: com.kms.katalon.core.webui.exception.WebElementNotFoundException: Web element with id: 'Object Repository/Page_Sales Performance Home/input_username' located by 'By.xpath: //input[@id = 'login_input' and @name = 'username' and @type = 'text']' not found)]]></system-err>
      </testcase>
      <testcase name="Test Cases/Commission Logout" classname="Test Cases/Commission Logout" status="FAILED">
         <failure type="FAILED" message="Unable to click on object 'Object Repository/Page_Callidus Cloud Commissions Man/span_rkulkarncalliduscloud.com' (Root cause: com.kms.katalon.core.webui.exception.WebElementNotFoundException: Web element with id: 'Object Repository/Page_Callidus Cloud Commissions Man/span_rkulkarncalliduscloud.com' located by 'By.xpath: //span[@class='cald-ui-header__right']/span[@class='cald-ui-header__user']/span[@class='cald-ui-dropdown cald-ui-dropdown--clickable']' not found)"/>
         <system-out><![CDATA[2018-09-03 18:22:07 - [TEST_CASE][FAILED] - Test Cases/Commission Logout: Test Cases/Commission Logout FAILED because (of) Unable to click on object 'Object Repository/Page_Callidus Cloud Commissions Man/span_rkulkarncalliduscloud.com' (Root cause: com.kms.katalon.core.webui.exception.WebElementNotFoundException: Web element with id: 'Object Repository/Page_Callidus Cloud Commissions Man/span_rkulkarncalliduscloud.com' located by 'By.xpath: //span[@class='cald-ui-header__right']/span[@class='cald-ui-header__user']/span[@class='cald-ui-dropdown cald-ui-dropdown--clickable']' not found)

2018-09-03 18:22:07 - [TEST_STEP][FAILED] - click: Unable to click on object 'Object Repository/Page_Callidus Cloud Commissions Man/span_rkulkarncalliduscloud.com' (Root cause: com.kms.katalon.core.webui.exception.WebElementNotFoundException: Web element with id: 'Object Repository/Page_Callidus Cloud Commissions Man/span_rkulkarncalliduscloud.com' located by 'By.xpath: //span[@class='cald-ui-header__right']/span[@class='cald-ui-header__user']/span[@class='cald-ui-dropdown cald-ui-dropdown--clickable']' not found)

2018-09-03 18:22:38 - [MESSAGE][FAILED] - Unable to click on object 'Object Repository/Page_Callidus Cloud Commissions Man/span_rkulkarncalliduscloud.com' (Root cause: com.kms.katalon.core.webui.exception.WebElementNotFoundException: Web element with id: 'Object Repository/Page_Callidus Cloud Commissions Man/span_rkulkarncalliduscloud.com' located by 'By.xpath: //span[@class='cald-ui-header__right']/span[@class='cald-ui-header__user']/span[@class='cald-ui-dropdown cald-ui-dropdown--clickable']' not found)
[[ATTACHMENT|C:\\Users\\rkulkarn\\git\\UAT_CommissionUI\\Reports\\commission test\\20180903_182014\\1535979158570.png]]]]></system-out>
         <system-err><![CDATA[2018-09-03 18:22:07 - [TEST_CASE][FAILED] - Test Cases/Commission Logout: Test Cases/Commission Logout FAILED because (of) Unable to click on object 'Object Repository/Page_Callidus Cloud Commissions Man/span_rkulkarncalliduscloud.com' (Root cause: com.kms.katalon.core.webui.exception.WebElementNotFoundException: Web element with id: 'Object Repository/Page_Callidus Cloud Commissions Man/span_rkulkarncalliduscloud.com' located by 'By.xpath: //span[@class='cald-ui-header__right']/span[@class='cald-ui-header__user']/span[@class='cald-ui-dropdown cald-ui-dropdown--clickable']' not found)]]></system-err>
      </testcase>
      <testcase name="Test Cases/Commission Login_Vishnu" classname="Test Cases/Commission Login_Vishnu" status="PASSED">
         <system-out><![CDATA[2018-09-03 18:22:38 - [TEST_CASE][PASSED] - Test Cases/Commission Login_Vishnu: Test Cases/Commission Login_Vishnu

2018-09-03 18:22:38 - [TEST_STEP][PASSED] - openBrowser: Browser is opened with url: ''

2018-09-03 18:22:38 - [MESSAGE][WARNING] - A browser is already opened. Closing browser and opening a new one

2018-09-03 18:22:41 - [MESSAGE][PASSED] - Browser is opened with url: ''

2018-09-03 18:22:41 - [TEST_STEP][PASSED] - navigateToUrl: Navigate to 'https://biz3-tst.callidusondemand.com/SalesPortal/#!/' successfully

2018-09-03 18:22:53 - [MESSAGE][PASSED] - Navigate to 'https://biz3-tst.callidusondemand.com/SalesPortal/#!/' successfully

2018-09-03 18:22:53 - [TEST_STEP][PASSED] - setText: Text 'rkulkarn@calliduscloud.com' is set on object 'Object Repository/Page_Sales Performance Home/input_username'

2018-09-03 18:22:53 - [MESSAGE][PASSED] - Text 'rkulkarn@calliduscloud.com' is set on object 'Object Repository/Page_Sales Performance Home/input_username'

2018-09-03 18:22:53 - [TEST_STEP][PASSED] - setEncryptedText: Text ****** has been set on object 'Object Repository/Page_Sales Performance Home/input_password'

2018-09-03 18:22:54 - [MESSAGE][PASSED] - Text ****** has been set on object 'Object Repository/Page_Sales Performance Home/input_password'

2018-09-03 18:22:54 - [TEST_STEP][PASSED] - click: Object: 'Object Repository/Page_Sales Performance Home/button_Login' is clicked on

2018-09-03 18:22:54 - [MESSAGE][PASSED] - Object: 'Object Repository/Page_Sales Performance Home/button_Login' is clicked on

2018-09-03 18:22:54 - [TEST_STEP][PASSED] - click: Object: 'Object Repository/Page_Sales Performance Home/span_Sales Performance Home' is clicked on

2018-09-03 18:22:57 - [MESSAGE][PASSED] - Object: 'Object Repository/Page_Sales Performance Home/span_Sales Performance Home' is clicked on

2018-09-03 18:22:57 - [TEST_STEP][PASSED] - click: Object: 'Object Repository/Page_Sales Performance Home/a_Commissions' is clicked on

2018-09-03 18:22:58 - [MESSAGE][PASSED] - Object: 'Object Repository/Page_Sales Performance Home/a_Commissions' is clicked on

2018-09-03 18:22:58 - [TEST_STEP][PASSED] - click: Object: 'Object Repository/Page_Callidus Cloud Commissions Man/a_Manage Setup' is clicked on

2018-09-03 18:23:22 - [MESSAGE][PASSED] - Object: 'Object Repository/Page_Callidus Cloud Commissions Man/a_Manage Setup' is clicked on]]></system-out>
         <system-err><![CDATA[]]></system-err>
      </testcase>
      <testcase name="Test Cases/Verify Login Functionality" classname="Test Cases/Verify Login Functionality" status="PASSED">
         <system-out><![CDATA[2018-09-03 18:23:22 - [TEST_CASE][PASSED] - Test Cases/Verify Login Functionality: Test Cases/Verify Login Functionality

2018-09-03 18:23:22 - [TEST_STEP][PASSED] - openBrowser: Browser is opened with url: ''

2018-09-03 18:23:22 - [MESSAGE][WARNING] - A browser is already opened. Closing browser and opening a new one

2018-09-03 18:23:25 - [MESSAGE][PASSED] - Browser is opened with url: ''

2018-09-03 18:23:25 - [TEST_STEP][PASSED] - navigateToUrl: Navigate to 'https://biz3-tst.callidusondemand.com/SalesPortal/#!/' successfully

2018-09-03 18:23:36 - [MESSAGE][PASSED] - Navigate to 'https://biz3-tst.callidusondemand.com/SalesPortal/#!/' successfully

2018-09-03 18:23:36 - [TEST_STEP][PASSED] - setText: Text 'skadhulu@calliduscloud.com' is set on object 'Object Repository/Page_Sales Performance Home/input_username'

2018-09-03 18:23:36 - [MESSAGE][PASSED] - Text 'skadhulu@calliduscloud.com' is set on object 'Object Repository/Page_Sales Performance Home/input_username'

2018-09-03 18:23:36 - [TEST_STEP][PASSED] - setEncryptedText: Text ****** has been set on object 'Object Repository/Page_Sales Performance Home/input_password'

2018-09-03 18:23:36 - [MESSAGE][PASSED] - Text ****** has been set on object 'Object Repository/Page_Sales Performance Home/input_password'

2018-09-03 18:23:36 - [TEST_STEP][PASSED] - maximizeWindow: Current window maximized

2018-09-03 18:23:37 - [MESSAGE][PASSED] - Current window maximized

2018-09-03 18:23:37 - [TEST_STEP][PASSED] - delay: Delayed 5 second(s)

2018-09-03 18:23:42 - [MESSAGE][PASSED] - Delayed 5 second(s)

2018-09-03 18:23:42 - [TEST_STEP][PASSED] - click: Object: 'Object Repository/Page_Sales Performance Home/button_Login' is clicked on

2018-09-03 18:23:43 - [MESSAGE][PASSED] - Object: 'Object Repository/Page_Sales Performance Home/button_Login' is clicked on

2018-09-03 18:23:43 - [TEST_STEP][PASSED] - delay: Delayed 5 second(s)

2018-09-03 18:23:48 - [MESSAGE][PASSED] - Delayed 5 second(s)

2018-09-03 18:23:48 - [TEST_STEP][PASSED] - click: Object: 'Object Repository/Page_Sales Performance Home/span_Sales Performance Home' is clicked on

2018-09-03 18:23:48 - [MESSAGE][PASSED] - Object: 'Object Repository/Page_Sales Performance Home/span_Sales Performance Home' is clicked on

2018-09-03 18:23:48 - [TEST_STEP][PASSED] - delay: Delayed 5 second(s)

2018-09-03 18:23:53 - [MESSAGE][PASSED] - Delayed 5 second(s)

2018-09-03 18:23:53 - [TEST_STEP][PASSED] - click: Object: 'Object Repository/Page_Sales Performance Home/a_Commissions' is clicked on

2018-09-03 18:23:55 - [MESSAGE][PASSED] - Object: 'Object Repository/Page_Sales Performance Home/a_Commissions' is clicked on

2018-09-03 18:23:55 - [TEST_STEP][PASSED] - delay: Delayed 10 second(s)

2018-09-03 18:24:05 - [MESSAGE][PASSED] - Delayed 10 second(s)

2018-09-03 18:24:05 - [TEST_STEP][PASSED] - click: Object: 'Object Repository/Page_Callidus Cloud Commissions Man/a_Manage setup' is clicked on

2018-09-03 18:24:19 - [MESSAGE][PASSED] - Object: 'Object Repository/Page_Callidus Cloud Commissions Man/a_Manage setup' is clicked on]]></system-out>
         <system-err><![CDATA[]]></system-err>
      </testcase>
      <testcase name="Test Cases/Verify that EventTypes exits in the System" classname="Test Cases/Verify that EventTypes exits in the System" status="FAILED">
         <failure type="FAILED" message="Unable to click on object 'Object Repository/Page_Callidus Cloud Commissions Man/a_Manage setup' (Root cause: com.kms.katalon.core.webui.exception.WebElementNotFoundException: Web element with id: 'Object Repository/Page_Callidus Cloud Commissions Man/a_Manage setup' located by 'By.xpath: //div[@class='landingHeading']/a[@href='#/user/list']' not found)"/>
         <system-out><![CDATA[2018-09-03 18:24:19 - [TEST_CASE][FAILED] - Test Cases/Verify that EventTypes exits in the System: Test Cases/Verify that EventTypes exits in the System FAILED because (of) Unable to click on object 'Object Repository/Page_Callidus Cloud Commissions Man/a_Manage setup' (Root cause: com.kms.katalon.core.webui.exception.WebElementNotFoundException: Web element with id: 'Object Repository/Page_Callidus Cloud Commissions Man/a_Manage setup' located by 'By.xpath: //div[@class='landingHeading']/a[@href='#/user/list']' not found)

2018-09-03 18:24:19 - [TEST_STEP][FAILED] - callTestCase: Unable to call Test Case with id 'Test Cases/Verify Login Functionality' (Root cause: Call Test Case 'Test Cases/Verify Login Functionality' failed)

2018-09-03 18:24:19 - [TEST_CASE][FAILED] - Test Cases/Verify Login Functionality: Test Cases/Verify Login Functionality FAILED because (of) Unable to click on object 'Object Repository/Page_Callidus Cloud Commissions Man/a_Manage setup' (Root cause: com.kms.katalon.core.webui.exception.WebElementNotFoundException: Web element with id: 'Object Repository/Page_Callidus Cloud Commissions Man/a_Manage setup' located by 'By.xpath: //div[@class='landingHeading']/a[@href='#/user/list']' not found)

2018-09-03 18:24:19 - [TEST_STEP][PASSED] - openBrowser: Browser is opened with url: ''

2018-09-03 18:24:19 - [MESSAGE][WARNING] - A browser is already opened. Closing browser and opening a new one

2018-09-03 18:24:22 - [MESSAGE][PASSED] - Browser is opened with url: ''

2018-09-03 18:24:22 - [TEST_STEP][PASSED] - navigateToUrl: Navigate to 'https://biz3-tst.callidusondemand.com/SalesPortal/#!/' successfully

2018-09-03 18:24:34 - [MESSAGE][PASSED] - Navigate to 'https://biz3-tst.callidusondemand.com/SalesPortal/#!/' successfully

2018-09-03 18:24:34 - [TEST_STEP][PASSED] - setText: Text 'skadhulu@calliduscloud.com' is set on object 'Object Repository/Page_Sales Performance Home/input_username'

2018-09-03 18:24:34 - [MESSAGE][PASSED] - Text 'skadhulu@calliduscloud.com' is set on object 'Object Repository/Page_Sales Performance Home/input_username'

2018-09-03 18:24:34 - [TEST_STEP][PASSED] - setEncryptedText: Text ****** has been set on object 'Object Repository/Page_Sales Performance Home/input_password'

2018-09-03 18:24:34 - [MESSAGE][PASSED] - Text ****** has been set on object 'Object Repository/Page_Sales Performance Home/input_password'

2018-09-03 18:24:34 - [TEST_STEP][PASSED] - maximizeWindow: Current window maximized

2018-09-03 18:24:36 - [MESSAGE][PASSED] - Current window maximized

2018-09-03 18:24:36 - [TEST_STEP][PASSED] - delay: Delayed 5 second(s)

2018-09-03 18:24:41 - [MESSAGE][PASSED] - Delayed 5 second(s)

2018-09-03 18:24:41 - [TEST_STEP][PASSED] - click: Object: 'Object Repository/Page_Sales Performance Home/button_Login' is clicked on

2018-09-03 18:24:41 - [MESSAGE][PASSED] - Object: 'Object Repository/Page_Sales Performance Home/button_Login' is clicked on

2018-09-03 18:24:41 - [TEST_STEP][PASSED] - delay: Delayed 5 second(s)

2018-09-03 18:24:46 - [MESSAGE][PASSED] - Delayed 5 second(s)

2018-09-03 18:24:46 - [TEST_STEP][PASSED] - click: Object: 'Object Repository/Page_Sales Performance Home/span_Sales Performance Home' is clicked on

2018-09-03 18:24:46 - [MESSAGE][PASSED] - Object: 'Object Repository/Page_Sales Performance Home/span_Sales Performance Home' is clicked on

2018-09-03 18:24:46 - [TEST_STEP][PASSED] - delay: Delayed 5 second(s)

2018-09-03 18:24:51 - [MESSAGE][PASSED] - Delayed 5 second(s)

2018-09-03 18:24:51 - [TEST_STEP][PASSED] - click: Object: 'Object Repository/Page_Sales Performance Home/a_Commissions' is clicked on

2018-09-03 18:24:53 - [MESSAGE][PASSED] - Object: 'Object Repository/Page_Sales Performance Home/a_Commissions' is clicked on

2018-09-03 18:24:53 - [TEST_STEP][PASSED] - delay: Delayed 10 second(s)

2018-09-03 18:25:03 - [MESSAGE][PASSED] - Delayed 10 second(s)

2018-09-03 18:25:03 - [TEST_STEP][FAILED] - click: Unable to click on object 'Object Repository/Page_Callidus Cloud Commissions Man/a_Manage setup' (Root cause: com.kms.katalon.core.webui.exception.WebElementNotFoundException: Web element with id: 'Object Repository/Page_Callidus Cloud Commissions Man/a_Manage setup' located by 'By.xpath: //div[@class='landingHeading']/a[@href='#/user/list']' not found)

2018-09-03 18:25:35 - [MESSAGE][FAILED] - Unable to click on object 'Object Repository/Page_Callidus Cloud Commissions Man/a_Manage setup' (Root cause: com.kms.katalon.core.webui.exception.WebElementNotFoundException: Web element with id: 'Object Repository/Page_Callidus Cloud Commissions Man/a_Manage setup' located by 'By.xpath: //div[@class='landingHeading']/a[@href='#/user/list']' not found)
[[ATTACHMENT|C:\\Users\\rkulkarn\\git\\UAT_CommissionUI\\Reports\\commission test\\20180903_182014\\1535979335032.png]]

2018-09-03 18:25:35 - [MESSAGE][FAILED] - Unable to call Test Case with id 'Test Cases/Verify Login Functionality' (Root cause: Call Test Case 'Test Cases/Verify Login Functionality' failed)]]></system-out>
         <system-err><![CDATA[2018-09-03 18:24:19 - [TEST_CASE][FAILED] - Test Cases/Verify that EventTypes exits in the System: Test Cases/Verify that EventTypes exits in the System FAILED because (of) Unable to click on object 'Object Repository/Page_Callidus Cloud Commissions Man/a_Manage setup' (Root cause: com.kms.katalon.core.webui.exception.WebElementNotFoundException: Web element with id: 'Object Repository/Page_Callidus Cloud Commissions Man/a_Manage setup' located by 'By.xpath: //div[@class='landingHeading']/a[@href='#/user/list']' not found)]]></system-err>
      </testcase>
      <system-out><![CDATA[2018-09-03 18:20:17 - [TEST_SUITE][FAILED] - commission test: Test Cases/Earning code FAILED because (of) Unable to click on object 'Object Repository/Page_Callidus Cloud Commissions Man/a_Earning Codes' (Root cause: org.openqa.selenium.ElementNotVisibleException: element not visible
  (Session info: chrome=68.0.3440.106)
  (Driver info: chromedriver=2.35.528161 (5b82f2d2aae0ca24b877009200ced9065a772e73),platform=Windows NT 10.0.17134 x86_64) (WARNING: The server did not provide any stacktrace information)
Command duration or timeout: 0 milliseconds
Build info: version: '3.7.1', revision: '8a0099a', time: '2017-11-06T21:07:36.161Z'
System info: host: '41XHMV1-E6330', ip: '192.168.237.143', os.name: 'Windows 10', os.arch: 'amd64', os.version: '10.0', java.version: '1.8.0_181'
Driver info: com.kms.katalon.selenium.driver.CChromeDriver
Capabilities {acceptInsecureCerts: false, acceptSslCerts: false, applicationCacheEnabled: false, browserConnectionEnabled: false, browserName: chrome, chrome: {chromedriverVersion: 2.35.528161 (5b82f2d2aae0ca..., userDataDir: C:\Users\rkulkarn\AppData\L...}, cssSelectorsEnabled: true, databaseEnabled: false, handlesAlerts: true, hasTouchScreen: false, javascriptEnabled: true, locationContextEnabled: true, mobileEmulationEnabled: false, nativeEvents: true, networkConnectionEnabled: false, pageLoadStrategy: normal, platform: XP, platformName: XP, rotatable: false, setWindowRect: true, takesHeapSnapshot: true, takesScreenshot: true, unexpectedAlertBehaviour: , unhandledPromptBehavior: , version: 68.0.3440.106, webStorageEnabled: true}
Session ID: 08dc5c4aba1147f09ab4e540e35664e2)]]></system-out>
      <system-err><![CDATA[2018-09-03 18:20:17 - [TEST_SUITE][FAILED] - commission test: Test Cases/Earning code FAILED because (of) Unable to click on object 'Object Repository/Page_Callidus Cloud Commissions Man/a_Earning Codes' (Root cause: org.openqa.selenium.ElementNotVisibleException: element not visible
  (Session info: chrome=68.0.3440.106)
  (Driver info: chromedriver=2.35.528161 (5b82f2d2aae0ca24b877009200ced9065a772e73),platform=Windows NT 10.0.17134 x86_64) (WARNING: The server did not provide any stacktrace information)
Command duration or timeout: 0 milliseconds
Build info: version: '3.7.1', revision: '8a0099a', time: '2017-11-06T21:07:36.161Z'
System info: host: '41XHMV1-E6330', ip: '192.168.237.143', os.name: 'Windows 10', os.arch: 'amd64', os.version: '10.0', java.version: '1.8.0_181'
Driver info: com.kms.katalon.selenium.driver.CChromeDriver
Capabilities {acceptInsecureCerts: false, acceptSslCerts: false, applicationCacheEnabled: false, browserConnectionEnabled: false, browserName: chrome, chrome: {chromedriverVersion: 2.35.528161 (5b82f2d2aae0ca..., userDataDir: C:\Users\rkulkarn\AppData\L...}, cssSelectorsEnabled: true, databaseEnabled: false, handlesAlerts: true, hasTouchScreen: false, javascriptEnabled: true, locationContextEnabled: true, mobileEmulationEnabled: false, nativeEvents: true, networkConnectionEnabled: false, pageLoadStrategy: normal, platform: XP, platformName: XP, rotatable: false, setWindowRect: true, takesHeapSnapshot: true, takesScreenshot: true, unexpectedAlertBehaviour: , unhandledPromptBehavior: , version: 68.0.3440.106, webStorageEnabled: true}
Session ID: 08dc5c4aba1147f09ab4e540e35664e2)]]></system-err>
   </testsuite>
</testsuites>
